#
# There is insufficient memory for the Java Runtime Environment to continue.
# Native memory allocation (mmap) failed to map 268435456 bytes for G1 virtual space
# Possible reasons:
#   The system is out of physical RAM or swap space
#   The process is running with CompressedOops enabled, and the Java Heap may be blocking the growth of the native heap
# Possible solutions:
#   Reduce memory load on the system
#   Increase physical memory or swap space
#   Check if swap backing store is full
#   Decrease Java heap size (-Xmx/-Xms)
#   Decrease number of Java threads
#   Decrease Java thread stack sizes (-Xss)
#   Set larger code cache with -XX:ReservedCodeCacheSize=
#   JVM is running with Zero Based Compressed Oops mode in which the Java heap is
#     placed in the first 32GB address space. The Java Heap base address is the
#     maximum limit for the native heap growth. Please use -XX:HeapBaseMinAddress
#     to set the Java Heap base and to place the Java Heap above 32GB virtual address.
# This output file may be truncated or incomplete.
#
#  Out of Memory Error (os_windows.cpp:3530), pid=9408, tid=18880
#
# JRE version:  (18.0.1+12) (build )
# Java VM: OpenJDK 64-Bit Server VM (18.0.1+12, mixed mode, sharing, tiered, compressed oops, compressed class ptrs, g1 gc, windows-amd64)
# No core dump will be written. Minidumps are not enabled by default on client versions of Windows
#

---------------  S U M M A R Y ------------

Command Line: -javaagent:C:\Program Files\JetBrains\IntelliJ IDEA 2022.1\lib\idea_rt.jar=61504:C:\Program Files\JetBrains\IntelliJ IDEA 2022.1\bin -Dfile.encoding=UTF-8 main.WeatherAlarms

Host: Intel(R) Core(TM) i5-10400F CPU @ 2.90GHz, 12 cores, 15G,  Windows 10 , 64 bit Build 19041 (10.0.19041.1348)
Time: Fri May 13 14:38:49 2022 SE Asia Standard Time elapsed time: 0.005647 seconds (0d 0h 0m 0s)

---------------  T H R E A D  ---------------

Current thread (0x000001fa9f1a9b80):  JavaThread "Unknown thread" [_thread_in_vm, id=18880, stack(0x000000cdbac00000,0x000000cdbad00000)]

Stack: [0x000000cdbac00000,0x000000cdbad00000]
Native frames: (J=compiled Java code, j=interpreted, Vv=VM code, C=native code)
V  [jvm.dll+0x684e1a]
V  [jvm.dll+0x829f4d]
V  [jvm.dll+0x82b81e]
V  [jvm.dll+0x82bec3]
V  [jvm.dll+0x25ebab]
V  [jvm.dll+0x681cba]
V  [jvm.dll+0x67684a]
V  [jvm.dll+0x323e69]
V  [jvm.dll+0x32b4f6]
V  [jvm.dll+0x37d87a]
V  [jvm.dll+0x37dabf]
V  [jvm.dll+0x2faf7a]
V  [jvm.dll+0x2fbff1]
V  [jvm.dll+0x7fa3c0]
V  [jvm.dll+0x38a7e1]
V  [jvm.dll+0x7d9d25]
V  [jvm.dll+0x405243]
V  [jvm.dll+0x406c01]
C  [jli.dll+0x519f]
C  [ucrtbase.dll+0x21bb2]
C  [KERNEL32.DLL+0x17034]
C  [ntdll.dll+0x52651]


---------------  P R O C E S S  ---------------

Threads class SMR info:
_java_thread_list=0x00007ffc147f8610, length=0, elements={
}

Java Threads: ( => current thread )

Other Threads:
  0x000001fa9f21c870 WorkerThread "GC Thread#0" [stack: 0x000000cdbad00000,0x000000cdbae00000] [id=5684]
  0x000001fa9f22e6c0 ConcurrentGCThread "G1 Main Marker" [stack: 0x000000cdbae00000,0x000000cdbaf00000] [id=3164]
  0x000001fa9f2300c0 WorkerThread "G1 Conc#0" [stack: 0x000000cdbaf00000,0x000000cdbb000000] [id=18868]

[error occurred during error reporting (printing all threads), id 0xc0000005, EXCEPTION_ACCESS_VIOLATION (0xc0000005) at pc=0x00007ffc13fcc037]

VM state: not at safepoint (not fully initialized)

VM Mutex/Monitor currently owned by a thread:  ([mutex/lock_event])
[0x000001fa9f1a5f70] Heap_lock - owner thread: 0x000001fa9f1a9b80

Heap address: 0x0000000700e00000, size: 4082 MB, Compressed Oops mode: Zero based, Oop shift amount: 3

CDS archive(s) mapped at: [0x0000000000000000-0x0000000000000000-0x0000000000000000), size 0, SharedBaseAddress: 0x0000000800000000, ArchiveRelocationMode: 0.
Narrow klass base: 0x0000000000000000, Narrow klass shift: 0, Narrow klass range: 0x0

GC Precious Log:
 CardTable entry size: 512
 Card Set container configuration: InlinePtr #cards 4 size 8 Array Of Cards #cards 16 size 48 Howl #buckets 8 coarsen threshold 3686 Howl Bitmap #cards 512 size 80 coarsen threshold 460 Card regions per heap region 1 cards per card region 4096

Heap:
 garbage-first heap   total 0K, used 0K [0x0000000700e00000, 0x0000000800000000)
  region size 2048K, 0 young (0K), 0 survivors (0K)

[error occurred during error reporting (printing heap information), id 0xc0000005, EXCEPTION_ACCESS_VIOLATION (0xc0000005) at pc=0x00007ffc1439c989]

GC Heap History (0 events):
No events

Deoptimization events (0 events):
No events

Classes loaded (0 events):
No events

Classes unloaded (0 events):
No events

Classes redefined (0 events):
No events

Internal exceptions (0 events):
No events

VM Operations (0 events):
No events

Events (1 events):
Event: 0.004 Loaded shared library C:\Users\William\.jdks\liberica-18.0.1\bin\java.dll


Dynamic libraries:
0x00007ff6bd180000 - 0x00007ff6bd18d000 	C:\Users\William\.jdks\liberica-18.0.1\bin\java.exe
0x00007ffcc78d0000 - 0x00007ffcc7ac5000 	C:\Windows\SYSTEM32\ntdll.dll
0x00007ffcc5e90000 - 0x00007ffcc5f4e000 	C:\Windows\System32\KERNEL32.DLL
0x00007ffcc4fe0000 - 0x00007ffcc52a8000 	C:\Windows\System32\KERNELBASE.dll
0x00007ffcc5810000 - 0x00007ffcc5910000 	C:\Windows\System32\ucrtbase.dll
0x00007ffc97280000 - 0x00007ffc97295000 	C:\Users\William\.jdks\liberica-18.0.1\bin\VCRUNTIME140.dll
0x00007ffc963f0000 - 0x00007ffc96407000 	C:\Users\William\.jdks\liberica-18.0.1\bin\jli.dll
0x00007ffcc6ae0000 - 0x00007ffcc6c81000 	C:\Windows\System32\USER32.dll
0x00007ffcc5360000 - 0x00007ffcc5382000 	C:\Windows\System32\win32u.dll
0x00007ffcc43b0000 - 0x00007ffcc464a000 	C:\Windows\WinSxS\amd64_microsoft.windows.common-controls_6595b64144ccf1df_6.0.19041.1110_none_60b5254171f9507e\COMCTL32.dll
0x00007ffcc62d0000 - 0x00007ffcc62fb000 	C:\Windows\System32\GDI32.dll
0x00007ffcc5c70000 - 0x00007ffcc5d0e000 	C:\Windows\System32\msvcrt.dll
0x00007ffcc5570000 - 0x00007ffcc567d000 	C:\Windows\System32\gdi32full.dll
0x00007ffcc5710000 - 0x00007ffcc57ad000 	C:\Windows\System32\msvcp_win.dll
0x00007ffcc6030000 - 0x00007ffcc6060000 	C:\Windows\System32\IMM32.DLL
0x00007ffc958e0000 - 0x00007ffc9597b000 	C:\Users\William\.jdks\liberica-18.0.1\bin\msvcp140.dll
0x00007ffc13cc0000 - 0x00007ffc14930000 	C:\Users\William\.jdks\liberica-18.0.1\bin\server\jvm.dll
0x00007ffcc6200000 - 0x00007ffcc62ac000 	C:\Windows\System32\ADVAPI32.dll
0x00007ffcc7710000 - 0x00007ffcc77ab000 	C:\Windows\System32\sechost.dll
0x00007ffcc5b40000 - 0x00007ffcc5c6a000 	C:\Windows\System32\RPCRT4.dll
0x00007ffcc6060000 - 0x00007ffcc6068000 	C:\Windows\System32\PSAPI.DLL
0x00007ffcb0560000 - 0x00007ffcb0569000 	C:\Windows\SYSTEM32\WSOCK32.dll
0x00007ffcb9eb0000 - 0x00007ffcb9ed7000 	C:\Windows\SYSTEM32\WINMM.dll
0x00007ffcc5f50000 - 0x00007ffcc5fbb000 	C:\Windows\System32\WS2_32.dll
0x00007ffcc1d70000 - 0x00007ffcc1d7a000 	C:\Windows\SYSTEM32\VERSION.dll
0x00007ffcc2210000 - 0x00007ffcc2222000 	C:\Windows\SYSTEM32\kernel.appcore.dll
0x00007ffc963e0000 - 0x00007ffc963ea000 	C:\Users\William\.jdks\liberica-18.0.1\bin\jimage.dll
0x00007ffcc4a00000 - 0x00007ffcc4be4000 	C:\Windows\SYSTEM32\DBGHELP.DLL
0x00007ffcc47b0000 - 0x00007ffcc47dc000 	C:\Windows\SYSTEM32\dbgcore.DLL
0x00007ffcc5680000 - 0x00007ffcc5703000 	C:\Windows\System32\bcryptPrimitives.dll
0x00007ffcc0150000 - 0x00007ffcc015e000 	C:\Users\William\.jdks\liberica-18.0.1\bin\instrument.dll
0x00007ffc96170000 - 0x00007ffc96195000 	C:\Users\William\.jdks\liberica-18.0.1\bin\java.dll

dbghelp: loaded successfully - version: 4.0.5 - missing functions: none
symbol engine: initialized successfully - sym options: 0x614 - pdb path: .;C:\Users\William\.jdks\liberica-18.0.1\bin;C:\Windows\SYSTEM32;C:\Windows\WinSxS\amd64_microsoft.windows.common-controls_6595b64144ccf1df_6.0.19041.1110_none_60b5254171f9507e;C:\Users\William\.jdks\liberica-18.0.1\bin\server

VM Arguments:
jvm_args: -javaagent:C:\Program Files\JetBrains\IntelliJ IDEA 2022.1\lib\idea_rt.jar=61504:C:\Program Files\JetBrains\IntelliJ IDEA 2022.1\bin -Dfile.encoding=UTF-8 
java_command: main.WeatherAlarms
java_class_path (initial): C:\Users\William\Documents\QA---Group-Project\target\classes;C:\Users\William\.m2\repository\junit\junit\4.13.2\junit-4.13.2.jar;C:\Users\William\.m2\repository\org\hamcrest\hamcrest-core\1.3\hamcrest-core-1.3.jar;C:\Users\William\.m2\repository\com\zeroc\ice\3.7.2\ice-3.7.2.jar;C:\Users\William\.m2\repository\com\zeroc\icestorm\3.7.2\icestorm-3.7.2.jar
Launcher Type: SUN_STANDARD

[Global flags]
     intx CICompilerCount                          = 4                                         {product} {ergonomic}
     uint ConcGCThreads                            = 3                                         {product} {ergonomic}
     uint G1ConcRefinementThreads                  = 10                                        {product} {ergonomic}
   size_t G1HeapRegionSize                         = 2097152                                   {product} {ergonomic}
    uintx GCDrainStackTargetSize                   = 64                                        {product} {ergonomic}
   size_t InitialHeapSize                          = 268435456                                 {product} {ergonomic}
   size_t MarkStackSize                            = 4194304                                   {product} {ergonomic}
   size_t MaxHeapSize                              = 4280287232                                {product} {ergonomic}
   size_t MinHeapDeltaBytes                        = 2097152                                   {product} {ergonomic}
   size_t MinHeapSize                              = 8388608                                   {product} {ergonomic}
    uintx NonNMethodCodeHeapSize                   = 5839372                                {pd product} {ergonomic}
    uintx NonProfiledCodeHeapSize                  = 122909434                              {pd product} {ergonomic}
    uintx ProfiledCodeHeapSize                     = 122909434                              {pd product} {ergonomic}
    uintx ReservedCodeCacheSize                    = 251658240                              {pd product} {ergonomic}
     bool SegmentedCodeCache                       = true                                      {product} {ergonomic}
   size_t SoftMaxHeapSize                          = 4280287232                             {manageable} {ergonomic}
     bool UseCompressedClassPointers               = true                           {product lp64_product} {ergonomic}
     bool UseCompressedOops                        = true                           {product lp64_product} {ergonomic}
     bool UseG1GC                                  = true                                      {product} {ergonomic}
     bool UseLargePagesIndividualAllocation        = false                                  {pd product} {ergonomic}

Logging:
Log output configuration:
 #0: stdout all=warning uptime,level,tags foldmultilines=false
 #1: stderr all=off uptime,level,tags foldmultilines=false

Environment Variables:
JAVA_HOME=C:\Program Files\BellSoft\LibericaJDK-8-Full\
PATH=C:\Program Files\NVIDIA GPU Computing Toolkit\CUDA\v11.2\bin;C:\Program Files\NVIDIA GPU Computing Toolkit\CUDA\v11.2\libnvvp;;;C:\Program Files\BellSoft\LibericaJDK-8-Full\bin\;C:\Python310\Scripts\;C:\Python310\;C:\Windows\system32;C:\Windows;C:\Windows\System32\Wbem;C:\Windows\System32\WindowsPowerShell\v1.0\;C:\Windows\System32\OpenSSH\;C:\Program Files\NVIDIA Corporation\NVIDIA NvDLISR;C:\Program Files (x86)\NVIDIA Corporation\PhysX\Common;C:\Program Files (x86)\ZeroTier\One\;C:\Program Files\Git\cmd;C:\ProgramData\chocolatey\bin;C:\Program Files\nodejs\;C:\Program Files\ZeroC\Ice-3.7.2\bin;C:\Program Files\NVIDIA Corporation\Nsight Compute 2020.3.0\;C:\Users\William\AppData\Local\Microsoft\WindowsApps;C:\Users\William\AppData\Local\Programs\Microsoft VS Code\bin;C:\tools\dart-sdk\bin;C:\Users\William\AppData\Roaming\Pub\Cache\bin;C:\Program Files\JetBrains\IntelliJ IDEA 2022.1\bin;C:\Users\William\AppData\Roaming\npm;C:\Users\William\AppData\Local\gitkraken\bin;C:\Program Files\NVIDIA GPU Computing Toolkit\CUDA\v11.6;C:\Program Files\NVIDIA GPU Computing Toolkit\CUDA\v11.6\libnvvp;
USERNAME=William
OS=Windows_NT
PROCESSOR_IDENTIFIER=Intel64 Family 6 Model 165 Stepping 3, GenuineIntel



---------------  S Y S T E M  ---------------

OS:
 Windows 10 , 64 bit Build 19041 (10.0.19041.1348)
OS uptime: 0 days 16:26 hours

CPU: total 12 (initial active 12) (6 cores per cpu, 2 threads per core) family 6 model 165 stepping 3 microcode 0xe0, cx8, cmov, fxsr, ht, mmx, 3dnowpref, sse, sse2, sse3, ssse3, sse4.1, sse4.2, popcnt, lzcnt, tsc, tscinvbit, avx, avx2, aes, erms, clmul, bmi1, bmi2, adx, fma, vzeroupper, clflush, clflushopt

Memory: 4k page, system-wide physical 16322M (4044M free)
TotalPageFile size 31582M (AvailPageFile size 7M)
current process WorkingSet (physical memory assigned to process): 10M, peak: 10M
current process commit charge ("private bytes"): 64M, peak: 320M

vm_info: OpenJDK 64-Bit Server VM (18.0.1+12) for windows-amd64 JRE (18.0.1+12), built on Apr 19 2022 18:54:24 by "" with MS VC++ 15.9 (VS2017)

END.
